2017-11-03 10:30:10.789 [main] INFO  com.cjj.Application -Starting Application on caojunjie-430 with PID 4652 (E:\project\java\newworkspace\springbootDemo\target\classes started by hp in E:\project\java\newworkspace\springbootDemo)
2017-11-03 10:30:10.820 [main] DEBUG com.cjj.Application -Running with Spring Boot v1.4.0.RELEASE, Spring v4.3.2.RELEASE
2017-11-03 10:30:10.820 [main] INFO  com.cjj.Application -No active profile set, falling back to default profiles: default
2017-11-03 10:30:12.101 [main] INFO  o.s.b.c.e.AnnotationConfigEmbeddedWebApplicationContext -Refreshing org.springframework.boot.context.embedded.AnnotationConfigEmbeddedWebApplicationContext@69028bfe: startup date [Fri Nov 03 10:30:12 CST 2017]; root of context hierarchy
2017-11-03 10:30:15.169 [main] INFO  o.s.c.s.PostProcessorRegistrationDelegate$BeanPostProcessorChecker -Bean 'org.springframework.transaction.annotation.ProxyTransactionManagementConfiguration' of type [class org.springframework.transaction.annotation.ProxyTransactionManagementConfiguration$$EnhancerBySpringCGLIB$$edc576a9] is not eligible for getting processed by all BeanPostProcessors (for example: not eligible for auto-proxying)
2017-11-03 10:30:15.944 [main] INFO  o.s.b.c.e.t.TomcatEmbeddedServletContainer -Tomcat initialized with port(s): 8081 (http)
2017-11-03 10:30:15.975 [main] INFO  o.a.catalina.core.StandardService -Starting service Tomcat
2017-11-03 10:30:15.975 [main] INFO  o.a.catalina.core.StandardEngine -Starting Servlet Engine: Apache Tomcat/8.5.4
2017-11-03 10:30:16.241 [localhost-startStop-1] INFO  o.a.c.c.C.[Tomcat].[localhost].[/] -Initializing Spring embedded WebApplicationContext
2017-11-03 10:30:16.244 [localhost-startStop-1] INFO  o.s.web.context.ContextLoader -Root WebApplicationContext: initialization completed in 4143 ms
2017-11-03 10:30:16.526 [localhost-startStop-1] INFO  o.s.b.w.s.FilterRegistrationBean -Mapping filter: 'characterEncodingFilter' to: [/*]
2017-11-03 10:30:16.526 [localhost-startStop-1] INFO  o.s.b.w.s.FilterRegistrationBean -Mapping filter: 'myFilter' to urls: [/*]
2017-11-03 10:30:16.526 [localhost-startStop-1] INFO  o.s.b.w.s.ServletRegistrationBean -Mapping servlet: 'dispatcherServlet' to [/]
2017-11-03 10:30:17.714 [main] INFO  o.s.w.s.m.m.a.RequestMappingHandlerMapping -Mapped "{[/userList]}" onto public java.lang.String com.cjj.controller.PageController.dbTest(org.springframework.ui.Model)
2017-11-03 10:30:17.727 [main] INFO  o.s.w.s.m.m.a.RequestMappingHandlerMapping -Mapped "{[/testPage]}" onto public com.github.pagehelper.PageInfo<com.cjj.model.UserEntity> com.cjj.controller.PageController.pageTest(int,int,java.lang.String)
2017-11-03 10:30:17.727 [main] INFO  o.s.w.s.m.m.a.RequestMappingHandlerMapping -Mapped "{[/userList/{pageindex}]}" onto public java.lang.String com.cjj.controller.PageController.pageTest(int,org.springframework.ui.Model)
2017-11-03 10:30:17.727 [main] INFO  o.s.w.s.m.m.a.RequestMappingHandlerMapping -Mapped "{[/initTestError]}" onto public com.cjj.model.UserEntity com.cjj.controller.TestController.init(com.cjj.model.UserEntity)
2017-11-03 10:30:17.727 [main] INFO  o.s.w.s.m.m.a.RequestMappingHandlerMapping -Mapped "{[/YYCSH]}" onto public com.cjj.message.base.BaseMessage com.cjj.controller.TestController.init(com.cjj.message.InitReqMessage)
2017-11-03 10:30:17.727 [main] INFO  o.s.w.s.m.m.a.RequestMappingHandlerMapping -Mapped "{[/YYCSHValid],produces=[text/plain]}" onto public com.cjj.message.base.BaseMessage com.cjj.controller.TestController.init(com.cjj.message.InitReqMessage,org.springframework.validation.BindingResult)
2017-11-03 10:30:17.727 [main] INFO  o.s.w.s.m.m.a.RequestMappingHandlerMapping -Mapped "{[/user]}" onto public java.lang.String com.cjj.controller.TestController.dbTest()
2017-11-03 10:30:17.727 [main] INFO  o.s.w.s.m.m.a.RequestMappingHandlerMapping -Mapped "{[/YYCSHDB]}" onto public com.cjj.message.InitResMessage com.cjj.controller.TestController.initDB(com.cjj.message.InitReqMessage)
2017-11-03 10:30:17.727 [main] INFO  o.s.w.s.m.m.a.RequestMappingHandlerMapping -Mapped "{[/sex]}" onto public java.lang.String com.cjj.controller.TestController.pageSexTest()
2017-11-03 10:30:17.727 [main] INFO  o.s.w.s.m.m.a.RequestMappingHandlerMapping -Mapped "{[/page/{pageindex}]}" onto public java.lang.String com.cjj.controller.TestController.pageTest(int)
2017-11-03 10:30:17.727 [main] INFO  o.s.w.s.m.m.a.RequestMappingHandlerMapping -Mapped "{[/YYCSHACCEPT],produces=[text/plain]}" onto public com.cjj.message.base.BaseMessage com.cjj.controller.TestController.initA(com.cjj.message.InitReqMessage)
2017-11-03 10:30:17.727 [main] INFO  o.s.w.s.m.m.a.RequestMappingHandlerMapping -Mapped "{[/error]}" onto public org.springframework.http.ResponseEntity<java.util.Map<java.lang.String, java.lang.Object>> org.springframework.boot.autoconfigure.web.BasicErrorController.error(javax.servlet.http.HttpServletRequest)
2017-11-03 10:30:17.727 [main] INFO  o.s.w.s.m.m.a.RequestMappingHandlerMapping -Mapped "{[/error],produces=[text/html]}" onto public org.springframework.web.servlet.ModelAndView org.springframework.boot.autoconfigure.web.BasicErrorController.errorHtml(javax.servlet.http.HttpServletRequest,javax.servlet.http.HttpServletResponse)
2017-11-03 10:30:17.789 [main] INFO  o.s.w.s.h.SimpleUrlHandlerMapping -Mapped URL path [/**] onto handler of type [class org.springframework.web.servlet.resource.ResourceHttpRequestHandler]
2017-11-03 10:30:17.914 [main] INFO  o.s.w.s.m.m.a.RequestMappingHandlerAdapter -Looking for @ControllerAdvice: org.springframework.boot.context.embedded.AnnotationConfigEmbeddedWebApplicationContext@69028bfe: startup date [Fri Nov 03 10:30:12 CST 2017]; root of context hierarchy
2017-11-03 10:30:17.914 [main] INFO  o.s.w.s.m.m.a.RequestMappingHandlerAdapter -Detected @ModelAttribute methods in myControllerAdvice
2017-11-03 10:30:17.914 [main] INFO  o.s.w.s.m.m.a.RequestMappingHandlerAdapter -Detected @InitBinder methods in myControllerAdvice
2017-11-03 10:30:18.024 [main] INFO  o.s.w.s.m.m.a.ExceptionHandlerExceptionResolver -Detected @ExceptionHandler methods in myControllerAdvice
2017-11-03 10:30:19.227 [main] INFO  o.s.j.e.a.AnnotationMBeanExporter -Registering beans for JMX exposure on startup
2017-11-03 10:30:19.244 [main] INFO  o.s.j.e.a.AnnotationMBeanExporter -Bean with name 'dataSource' has been autodetected for JMX exposure
2017-11-03 10:30:19.244 [main] INFO  o.s.j.e.a.AnnotationMBeanExporter -Located MBean 'dataSource': registering with JMX server as MBean [com.zaxxer.hikari:name=dataSource,type=HikariDataSource]
2017-11-03 10:30:19.416 [main] INFO  o.s.b.c.e.t.TomcatEmbeddedServletContainer -Tomcat started on port(s): 8081 (http)
2017-11-03 10:30:19.447 [main] INFO  com.cjj.Application -Started Application in 10.242 seconds (JVM running for 11.805)
2017-11-03 10:30:41.557 [http-nio-8081-exec-1] INFO  o.a.c.c.C.[Tomcat].[localhost].[/] -Initializing Spring FrameworkServlet 'dispatcherServlet'
2017-11-03 10:30:41.557 [http-nio-8081-exec-1] INFO  o.s.web.servlet.DispatcherServlet -FrameworkServlet 'dispatcherServlet': initialization started
2017-11-03 10:30:41.595 [http-nio-8081-exec-1] INFO  o.s.web.servlet.DispatcherServlet -FrameworkServlet 'dispatcherServlet': initialization completed in 37 ms
2017-11-03 10:30:41.668 [http-nio-8081-exec-1] DEBUG com.cjj.aop.MyControllerAdvice -------addAttributes------
2017-11-03 10:30:41.699 [http-nio-8081-exec-1] DEBUG c.c.m.converter.MyMessageConverter -接收请求报文：{"funCode":"YYCSH","reqDate":"20171103","reqTime":"103041","calling":"13652167878","merId":"000001","clientVer":"1"}
2017-11-03 10:30:42.047 [http-nio-8081-exec-1] DEBUG com.cjj.aop.MyControllerAdvice -------initBinder------
2017-11-03 10:30:42.048 [http-nio-8081-exec-1] INFO  com.cjj.controller.TestController -接收信息：InitReqMessage [calling=13652167878, merId=000001, clientVer=1, toString()=BaseMesaage [funCode=YYCSH, reqDate=20171103, reqTime=103041, signFlag=false]]
2017-11-03 10:30:42.086 [http-nio-8081-exec-1] DEBUG c.c.m.converter.MyMessageConverter -返回响应报文：{"cardMaxBalance":"1000","funCode":"YYCSH","networkSpeed":"100","reqDate":"20171103","reqTime":"103041","retCode":"0000","retMsg":"success"}
2017-11-03 10:30:42.094 [http-nio-8081-exec-1] INFO  com.cjj.aop.MyInterceptor -本次处理时间:448ms
2017-11-03 10:31:48.164 [RMI TCP Connection(2)-172.16.3.11] INFO  o.s.b.a.SpringApplicationAdminMXBeanRegistrar$SpringApplicationAdmin -Application shutdown requested.
2017-11-03 10:31:48.173 [RMI TCP Connection(2)-172.16.3.11] INFO  o.s.b.c.e.AnnotationConfigEmbeddedWebApplicationContext -Closing org.springframework.boot.context.embedded.AnnotationConfigEmbeddedWebApplicationContext@69028bfe: startup date [Fri Nov 03 10:30:12 CST 2017]; root of context hierarchy
2017-11-03 10:31:48.174 [RMI TCP Connection(2)-172.16.3.11] INFO  o.s.j.e.a.AnnotationMBeanExporter -Unregistering JMX-exposed beans on shutdown
2017-11-03 10:31:48.174 [RMI TCP Connection(2)-172.16.3.11] INFO  o.s.j.e.a.AnnotationMBeanExporter -Unregistering JMX-exposed beans
2017-11-03 10:32:52.066 [main] INFO  com.cjj.Application -Starting Application on caojunjie-430 with PID 7956 (E:\project\java\newworkspace\springbootDemo\target\classes started by hp in E:\project\java\newworkspace\springbootDemo)
2017-11-03 10:32:52.070 [main] INFO  com.cjj.Application -No active profile set, falling back to default profiles: default
2017-11-03 10:32:52.442 [main] INFO  o.s.b.c.e.AnnotationConfigEmbeddedWebApplicationContext -Refreshing org.springframework.boot.context.embedded.AnnotationConfigEmbeddedWebApplicationContext@59b02f33: startup date [Fri Nov 03 10:32:52 CST 2017]; root of context hierarchy
2017-11-03 10:32:53.917 [main] INFO  o.s.c.s.PostProcessorRegistrationDelegate$BeanPostProcessorChecker -Bean 'org.springframework.transaction.annotation.ProxyTransactionManagementConfiguration' of type [class org.springframework.transaction.annotation.ProxyTransactionManagementConfiguration$$EnhancerBySpringCGLIB$$820bb6f9] is not eligible for getting processed by all BeanPostProcessors (for example: not eligible for auto-proxying)
2017-11-03 10:32:54.429 [main] INFO  o.s.b.c.e.t.TomcatEmbeddedServletContainer -Tomcat initialized with port(s): 8081 (http)
2017-11-03 10:32:54.444 [main] INFO  o.a.catalina.core.StandardService -Starting service Tomcat
2017-11-03 10:32:54.446 [main] INFO  o.a.catalina.core.StandardEngine -Starting Servlet Engine: Apache Tomcat/8.5.4
2017-11-03 10:32:54.630 [localhost-startStop-1] INFO  o.a.c.c.C.[Tomcat].[localhost].[/] -Initializing Spring embedded WebApplicationContext
2017-11-03 10:32:54.630 [localhost-startStop-1] INFO  o.s.web.context.ContextLoader -Root WebApplicationContext: initialization completed in 2188 ms
2017-11-03 10:32:54.851 [localhost-startStop-1] INFO  o.s.b.w.s.FilterRegistrationBean -Mapping filter: 'characterEncodingFilter' to: [/*]
2017-11-03 10:32:54.852 [localhost-startStop-1] INFO  o.s.b.w.s.FilterRegistrationBean -Mapping filter: 'myFilter' to urls: [/*]
2017-11-03 10:32:54.852 [localhost-startStop-1] INFO  o.s.b.w.s.ServletRegistrationBean -Mapping servlet: 'dispatcherServlet' to [/]
2017-11-03 10:32:55.498 [main] INFO  o.s.w.s.m.m.a.RequestMappingHandlerMapping -Mapped "{[/userList]}" onto public java.lang.String com.cjj.controller.PageController.dbTest(org.springframework.ui.Model)
2017-11-03 10:32:55.499 [main] INFO  o.s.w.s.m.m.a.RequestMappingHandlerMapping -Mapped "{[/testPage]}" onto public com.github.pagehelper.PageInfo<com.cjj.model.UserEntity> com.cjj.controller.PageController.pageTest(int,int,java.lang.String)
2017-11-03 10:32:55.500 [main] INFO  o.s.w.s.m.m.a.RequestMappingHandlerMapping -Mapped "{[/userList/{pageindex}]}" onto public java.lang.String com.cjj.controller.PageController.pageTest(int,org.springframework.ui.Model)
2017-11-03 10:32:55.503 [main] INFO  o.s.w.s.m.m.a.RequestMappingHandlerMapping -Mapped "{[/initTestError]}" onto public com.cjj.model.UserEntity com.cjj.controller.TestController.init(com.cjj.model.UserEntity)
2017-11-03 10:32:55.503 [main] INFO  o.s.w.s.m.m.a.RequestMappingHandlerMapping -Mapped "{[/YYCSH]}" onto public com.cjj.message.base.BaseMessage com.cjj.controller.TestController.init(com.cjj.message.InitReqMessage)
2017-11-03 10:32:55.504 [main] INFO  o.s.w.s.m.m.a.RequestMappingHandlerMapping -Mapped "{[/YYCSHValid],produces=[text/plain]}" onto public com.cjj.message.base.BaseMessage com.cjj.controller.TestController.init(com.cjj.message.InitReqMessage,org.springframework.validation.BindingResult)
2017-11-03 10:32:55.504 [main] INFO  o.s.w.s.m.m.a.RequestMappingHandlerMapping -Mapped "{[/user]}" onto public java.lang.String com.cjj.controller.TestController.dbTest()
2017-11-03 10:32:55.504 [main] INFO  o.s.w.s.m.m.a.RequestMappingHandlerMapping -Mapped "{[/page/{pageindex}]}" onto public java.lang.String com.cjj.controller.TestController.pageTest(int)
2017-11-03 10:32:55.505 [main] INFO  o.s.w.s.m.m.a.RequestMappingHandlerMapping -Mapped "{[/YYCSHACCEPT],produces=[text/plain]}" onto public com.cjj.message.base.BaseMessage com.cjj.controller.TestController.initA(com.cjj.message.InitReqMessage)
2017-11-03 10:32:55.505 [main] INFO  o.s.w.s.m.m.a.RequestMappingHandlerMapping -Mapped "{[/sex]}" onto public java.lang.String com.cjj.controller.TestController.pageSexTest()
2017-11-03 10:32:55.505 [main] INFO  o.s.w.s.m.m.a.RequestMappingHandlerMapping -Mapped "{[/YYCSHDB]}" onto public com.cjj.message.InitResMessage com.cjj.controller.TestController.initDB(com.cjj.message.InitReqMessage)
2017-11-03 10:32:55.514 [main] INFO  o.s.w.s.m.m.a.RequestMappingHandlerMapping -Mapped "{[/error]}" onto public org.springframework.http.ResponseEntity<java.util.Map<java.lang.String, java.lang.Object>> org.springframework.boot.autoconfigure.web.BasicErrorController.error(javax.servlet.http.HttpServletRequest)
2017-11-03 10:32:55.515 [main] INFO  o.s.w.s.m.m.a.RequestMappingHandlerMapping -Mapped "{[/error],produces=[text/html]}" onto public org.springframework.web.servlet.ModelAndView org.springframework.boot.autoconfigure.web.BasicErrorController.errorHtml(javax.servlet.http.HttpServletRequest,javax.servlet.http.HttpServletResponse)
2017-11-03 10:32:55.588 [main] INFO  o.s.w.s.h.SimpleUrlHandlerMapping -Mapped URL path [/**] onto handler of type [class org.springframework.web.servlet.resource.ResourceHttpRequestHandler]
2017-11-03 10:32:55.687 [main] INFO  o.s.w.s.m.m.a.RequestMappingHandlerAdapter -Looking for @ControllerAdvice: org.springframework.boot.context.embedded.AnnotationConfigEmbeddedWebApplicationContext@59b02f33: startup date [Fri Nov 03 10:32:52 CST 2017]; root of context hierarchy
2017-11-03 10:32:55.701 [main] INFO  o.s.w.s.m.m.a.RequestMappingHandlerAdapter -Detected @ModelAttribute methods in myControllerAdvice
2017-11-03 10:32:55.702 [main] INFO  o.s.w.s.m.m.a.RequestMappingHandlerAdapter -Detected @InitBinder methods in myControllerAdvice
2017-11-03 10:32:55.781 [main] INFO  o.s.w.s.m.m.a.ExceptionHandlerExceptionResolver -Detected @ExceptionHandler methods in myControllerAdvice
2017-11-03 10:32:56.798 [main] INFO  o.s.j.e.a.AnnotationMBeanExporter -Registering beans for JMX exposure on startup
2017-11-03 10:32:56.799 [main] INFO  o.s.j.e.a.AnnotationMBeanExporter -Bean with name 'dataSource' has been autodetected for JMX exposure
2017-11-03 10:32:56.804 [main] INFO  o.s.j.e.a.AnnotationMBeanExporter -Located MBean 'dataSource': registering with JMX server as MBean [com.zaxxer.hikari:name=dataSource,type=HikariDataSource]
2017-11-03 10:32:56.866 [main] INFO  o.s.b.c.e.t.TomcatEmbeddedServletContainer -Tomcat started on port(s): 8081 (http)
2017-11-03 10:32:56.871 [main] INFO  com.cjj.Application -Started Application in 5.697 seconds (JVM running for 6.255)
2017-11-03 10:33:05.100 [http-nio-8081-exec-1] INFO  o.a.c.c.C.[Tomcat].[localhost].[/] -Initializing Spring FrameworkServlet 'dispatcherServlet'
2017-11-03 10:33:05.100 [http-nio-8081-exec-1] INFO  o.s.web.servlet.DispatcherServlet -FrameworkServlet 'dispatcherServlet': initialization started
2017-11-03 10:33:05.126 [http-nio-8081-exec-1] INFO  o.s.web.servlet.DispatcherServlet -FrameworkServlet 'dispatcherServlet': initialization completed in 25 ms
2017-11-03 10:33:05.274 [http-nio-8081-exec-1] INFO  com.cjj.controller.TestController -接收信息：InitReqMessage [calling=13652167878, merId=000001, clientVer=1, toString()=BaseMesaage [funCode=YYCSH, reqDate=20171103, reqTime=103305, signFlag=false]]
2017-11-03 10:33:05.305 [http-nio-8081-exec-1] INFO  com.cjj.aop.MyInterceptor -本次处理时间:160ms
2017-11-03 10:33:17.112 [RMI TCP Connection(2)-172.16.3.11] INFO  o.s.b.a.SpringApplicationAdminMXBeanRegistrar$SpringApplicationAdmin -Application shutdown requested.
2017-11-03 10:33:17.114 [RMI TCP Connection(2)-172.16.3.11] INFO  o.s.b.c.e.AnnotationConfigEmbeddedWebApplicationContext -Closing org.springframework.boot.context.embedded.AnnotationConfigEmbeddedWebApplicationContext@59b02f33: startup date [Fri Nov 03 10:32:52 CST 2017]; root of context hierarchy
2017-11-03 10:33:17.115 [RMI TCP Connection(2)-172.16.3.11] INFO  o.s.j.e.a.AnnotationMBeanExporter -Unregistering JMX-exposed beans on shutdown
2017-11-03 10:33:17.115 [RMI TCP Connection(2)-172.16.3.11] INFO  o.s.j.e.a.AnnotationMBeanExporter -Unregistering JMX-exposed beans
2017-11-03 11:20:09.771 [main] INFO  com.cjj.Application -Starting Application on caojunjie-430 with PID 7300 (E:\project\java\newworkspace\springbootDemo\target\classes started by hp in E:\project\java\newworkspace\springbootDemo)
2017-11-03 11:20:09.779 [main] DEBUG com.cjj.Application -Running with Spring Boot v1.4.0.RELEASE, Spring v4.3.2.RELEASE
2017-11-03 11:20:09.780 [main] INFO  com.cjj.Application -No active profile set, falling back to default profiles: default
2017-11-03 11:20:10.218 [main] INFO  o.s.b.c.e.AnnotationConfigEmbeddedWebApplicationContext -Refreshing org.springframework.boot.context.embedded.AnnotationConfigEmbeddedWebApplicationContext@96166fc: startup date [Fri Nov 03 11:20:10 CST 2017]; root of context hierarchy
2017-11-03 11:20:11.985 [main] INFO  o.s.c.s.PostProcessorRegistrationDelegate$BeanPostProcessorChecker -Bean 'org.springframework.transaction.annotation.ProxyTransactionManagementConfiguration' of type [class org.springframework.transaction.annotation.ProxyTransactionManagementConfiguration$$EnhancerBySpringCGLIB$$15e8f499] is not eligible for getting processed by all BeanPostProcessors (for example: not eligible for auto-proxying)
2017-11-03 11:20:12.947 [main] INFO  o.s.b.c.e.t.TomcatEmbeddedServletContainer -Tomcat initialized with port(s): 8081 (http)
2017-11-03 11:20:12.976 [main] INFO  o.a.catalina.core.StandardService -Starting service Tomcat
2017-11-03 11:20:12.978 [main] INFO  o.a.catalina.core.StandardEngine -Starting Servlet Engine: Apache Tomcat/8.5.4
2017-11-03 11:20:13.355 [localhost-startStop-1] INFO  o.a.c.c.C.[Tomcat].[localhost].[/] -Initializing Spring embedded WebApplicationContext
2017-11-03 11:20:13.356 [localhost-startStop-1] INFO  o.s.web.context.ContextLoader -Root WebApplicationContext: initialization completed in 3138 ms
2017-11-03 11:20:13.743 [localhost-startStop-1] INFO  o.s.b.w.s.FilterRegistrationBean -Mapping filter: 'characterEncodingFilter' to: [/*]
2017-11-03 11:20:13.744 [localhost-startStop-1] INFO  o.s.b.w.s.FilterRegistrationBean -Mapping filter: 'myFilter' to urls: [/*]
2017-11-03 11:20:13.745 [localhost-startStop-1] INFO  o.s.b.w.s.ServletRegistrationBean -Mapping servlet: 'dispatcherServlet' to [/]
2017-11-03 11:20:14.424 [main] INFO  o.s.w.s.m.m.a.RequestMappingHandlerMapping -Mapped "{[/testPage]}" onto public com.github.pagehelper.PageInfo<com.cjj.model.UserEntity> com.cjj.controller.PageController.pageTest(int,int,java.lang.String)
2017-11-03 11:20:14.426 [main] INFO  o.s.w.s.m.m.a.RequestMappingHandlerMapping -Mapped "{[/userList/{pageindex}]}" onto public java.lang.String com.cjj.controller.PageController.pageTest(int,org.springframework.ui.Model)
2017-11-03 11:20:14.427 [main] INFO  o.s.w.s.m.m.a.RequestMappingHandlerMapping -Mapped "{[/userList]}" onto public java.lang.String com.cjj.controller.PageController.dbTest(org.springframework.ui.Model)
2017-11-03 11:20:14.430 [main] INFO  o.s.w.s.m.m.a.RequestMappingHandlerMapping -Mapped "{[/initTestError]}" onto public com.cjj.model.UserEntity com.cjj.controller.TestController.init(com.cjj.model.UserEntity)
2017-11-03 11:20:14.431 [main] INFO  o.s.w.s.m.m.a.RequestMappingHandlerMapping -Mapped "{[/YYCSH]}" onto public com.cjj.message.base.BaseMessage com.cjj.controller.TestController.init(com.cjj.message.InitReqMessage)
2017-11-03 11:20:14.431 [main] INFO  o.s.w.s.m.m.a.RequestMappingHandlerMapping -Mapped "{[/YYCSHValid],produces=[text/plain]}" onto public com.cjj.message.base.BaseMessage com.cjj.controller.TestController.init(com.cjj.message.InitReqMessage,org.springframework.validation.BindingResult)
2017-11-03 11:20:14.432 [main] INFO  o.s.w.s.m.m.a.RequestMappingHandlerMapping -Mapped "{[/page/{pageindex}]}" onto public java.lang.String com.cjj.controller.TestController.pageTest(int)
2017-11-03 11:20:14.433 [main] INFO  o.s.w.s.m.m.a.RequestMappingHandlerMapping -Mapped "{[/user]}" onto public java.lang.String com.cjj.controller.TestController.dbTest()
2017-11-03 11:20:14.433 [main] INFO  o.s.w.s.m.m.a.RequestMappingHandlerMapping -Mapped "{[/YYCSHACCEPT],produces=[text/plain]}" onto public com.cjj.message.base.BaseMessage com.cjj.controller.TestController.initA(com.cjj.message.InitReqMessage)
2017-11-03 11:20:14.433 [main] INFO  o.s.w.s.m.m.a.RequestMappingHandlerMapping -Mapped "{[/YYCSHDBVaild],produces=[text/plain]}" onto public com.cjj.message.InitResMessage com.cjj.controller.TestController.initDB(com.cjj.message.InitReqMessage,org.springframework.validation.BindingResult)
2017-11-03 11:20:14.434 [main] INFO  o.s.w.s.m.m.a.RequestMappingHandlerMapping -Mapped "{[/YYCSHDB],produces=[text/plain]}" onto public com.cjj.message.InitResMessage com.cjj.controller.TestController.initDB(com.cjj.message.InitReqMessage)
2017-11-03 11:20:14.435 [main] INFO  o.s.w.s.m.m.a.RequestMappingHandlerMapping -Mapped "{[/sex]}" onto public java.lang.String com.cjj.controller.TestController.pageSexTest()
2017-11-03 11:20:14.448 [main] INFO  o.s.w.s.m.m.a.RequestMappingHandlerMapping -Mapped "{[/error]}" onto public org.springframework.http.ResponseEntity<java.util.Map<java.lang.String, java.lang.Object>> org.springframework.boot.autoconfigure.web.BasicErrorController.error(javax.servlet.http.HttpServletRequest)
2017-11-03 11:20:14.456 [main] INFO  o.s.w.s.m.m.a.RequestMappingHandlerMapping -Mapped "{[/error],produces=[text/html]}" onto public org.springframework.web.servlet.ModelAndView org.springframework.boot.autoconfigure.web.BasicErrorController.errorHtml(javax.servlet.http.HttpServletRequest,javax.servlet.http.HttpServletResponse)
2017-11-03 11:20:14.560 [main] INFO  o.s.w.s.h.SimpleUrlHandlerMapping -Mapped URL path [/**] onto handler of type [class org.springframework.web.servlet.resource.ResourceHttpRequestHandler]
2017-11-03 11:20:14.734 [main] INFO  o.s.w.s.m.m.a.RequestMappingHandlerAdapter -Looking for @ControllerAdvice: org.springframework.boot.context.embedded.AnnotationConfigEmbeddedWebApplicationContext@96166fc: startup date [Fri Nov 03 11:20:10 CST 2017]; root of context hierarchy
2017-11-03 11:20:14.744 [main] INFO  o.s.w.s.m.m.a.RequestMappingHandlerAdapter -Detected @ModelAttribute methods in myControllerAdvice
2017-11-03 11:20:14.744 [main] INFO  o.s.w.s.m.m.a.RequestMappingHandlerAdapter -Detected @InitBinder methods in myControllerAdvice
2017-11-03 11:20:14.832 [main] INFO  o.s.w.s.m.m.a.ExceptionHandlerExceptionResolver -Detected @ExceptionHandler methods in myControllerAdvice
2017-11-03 11:20:16.172 [main] INFO  o.s.j.e.a.AnnotationMBeanExporter -Registering beans for JMX exposure on startup
2017-11-03 11:20:16.174 [main] INFO  o.s.j.e.a.AnnotationMBeanExporter -Bean with name 'dataSource' has been autodetected for JMX exposure
2017-11-03 11:20:16.181 [main] INFO  o.s.j.e.a.AnnotationMBeanExporter -Located MBean 'dataSource': registering with JMX server as MBean [com.zaxxer.hikari:name=dataSource,type=HikariDataSource]
2017-11-03 11:20:16.263 [main] INFO  o.s.b.c.e.t.TomcatEmbeddedServletContainer -Tomcat started on port(s): 8081 (http)
2017-11-03 11:20:16.309 [main] INFO  com.cjj.Application -Started Application in 7.418 seconds (JVM running for 7.979)
2017-11-03 11:20:25.622 [http-nio-8081-exec-1] INFO  o.a.c.c.C.[Tomcat].[localhost].[/] -Initializing Spring FrameworkServlet 'dispatcherServlet'
2017-11-03 11:20:25.623 [http-nio-8081-exec-1] INFO  o.s.web.servlet.DispatcherServlet -FrameworkServlet 'dispatcherServlet': initialization started
2017-11-03 11:20:25.653 [http-nio-8081-exec-1] INFO  o.s.web.servlet.DispatcherServlet -FrameworkServlet 'dispatcherServlet': initialization completed in 30 ms
2017-11-03 11:20:25.683 [http-nio-8081-exec-1] DEBUG com.cjj.aop.MyControllerAdvice -------addAttributes------
2017-11-03 11:20:25.691 [http-nio-8081-exec-1] DEBUG c.c.m.converter.MyMessageConverter -接收请求报文：{"funCode":"YYCSH","reqDate":"20171103","reqTime":"112025","calling":"13652167878","merId":"000001","clientVer":"1"}
2017-11-03 11:20:25.817 [http-nio-8081-exec-1] DEBUG com.cjj.aop.MyControllerAdvice -------initBinder------
2017-11-03 11:20:25.842 [http-nio-8081-exec-1] DEBUG com.cjj.controller.TestController -接收信息：InitReqMessage [calling=13652167878, merId=000001, clientVer=1, toString()=BaseMesaage [funCode=YYCSH, reqDate=20171103, reqTime=112025, signFlag=false]]
2017-11-03 11:20:25.873 [http-nio-8081-exec-1] INFO  com.zaxxer.hikari.HikariDataSource -HikariPool-1 - Starting...
2017-11-03 11:20:26.525 [http-nio-8081-exec-1] INFO  com.zaxxer.hikari.HikariDataSource -HikariPool-1 - Start completed.
2017-11-03 11:20:26.533 [http-nio-8081-exec-1] DEBUG com.cjj.dao.UserDao.searchAll -==>  Preparing: select u_id, nicheng, sex, phone, createtime, updtime from user 
2017-11-03 11:20:26.581 [http-nio-8081-exec-1] DEBUG com.cjj.dao.UserDao.searchAll -==> Parameters: 
2017-11-03 11:20:26.705 [http-nio-8081-exec-1] DEBUG com.cjj.dao.UserDao.searchAll -<==      Total: 9
2017-11-03 11:20:26.789 [http-nio-8081-exec-1] DEBUG c.c.m.converter.MyMessageConverter -返回响应报文：{"funCode":"YYCSH","reqDate":"20171103","reqTime":"112025","retCode":"0000","retMsg":"success"}
2017-11-03 11:20:26.805 [http-nio-8081-exec-1] INFO  com.cjj.aop.MyInterceptor -本次处理时间:1134ms
2017-11-03 11:25:59.207 [RMI TCP Connection(2)-192.168.10.95] INFO  o.s.b.a.SpringApplicationAdminMXBeanRegistrar$SpringApplicationAdmin -Application shutdown requested.
2017-11-03 11:25:59.208 [RMI TCP Connection(2)-192.168.10.95] INFO  o.s.b.c.e.AnnotationConfigEmbeddedWebApplicationContext -Closing org.springframework.boot.context.embedded.AnnotationConfigEmbeddedWebApplicationContext@96166fc: startup date [Fri Nov 03 11:20:10 CST 2017]; root of context hierarchy
2017-11-03 11:25:59.210 [RMI TCP Connection(2)-192.168.10.95] INFO  o.s.j.e.a.AnnotationMBeanExporter -Unregistering JMX-exposed beans on shutdown
2017-11-03 11:25:59.211 [RMI TCP Connection(2)-192.168.10.95] INFO  o.s.j.e.a.AnnotationMBeanExporter -Unregistering JMX-exposed beans
2017-11-03 11:25:59.212 [RMI TCP Connection(2)-192.168.10.95] INFO  com.zaxxer.hikari.HikariDataSource -HikariPool-1 - Shutdown initiated...
2017-11-03 11:25:59.212 [RMI TCP Connection(2)-192.168.10.95] INFO  com.zaxxer.hikari.pool.HikariPool -HikariPool-1 - Close initiated...
2017-11-03 11:25:59.309 [RMI TCP Connection(2)-192.168.10.95] INFO  com.zaxxer.hikari.pool.HikariPool -HikariPool-1 - Closed.
2017-11-03 11:25:59.310 [RMI TCP Connection(2)-192.168.10.95] INFO  com.zaxxer.hikari.HikariDataSource -HikariPool-1 - Shutdown completed.
2017-11-03 11:26:08.351 [main] INFO  com.cjj.Application -Starting Application on caojunjie-430 with PID 11908 (E:\project\java\newworkspace\springbootDemo\target\classes started by hp in E:\project\java\newworkspace\springbootDemo)
2017-11-03 11:26:08.355 [main] DEBUG com.cjj.Application -Running with Spring Boot v1.4.0.RELEASE, Spring v4.3.2.RELEASE
2017-11-03 11:26:08.356 [main] INFO  com.cjj.Application -No active profile set, falling back to default profiles: default
2017-11-03 11:26:08.847 [main] INFO  o.s.b.c.e.AnnotationConfigEmbeddedWebApplicationContext -Refreshing org.springframework.boot.context.embedded.AnnotationConfigEmbeddedWebApplicationContext@63d48a65: startup date [Fri Nov 03 11:26:08 CST 2017]; root of context hierarchy
2017-11-03 11:26:10.685 [main] INFO  o.s.c.s.PostProcessorRegistrationDelegate$BeanPostProcessorChecker -Bean 'org.springframework.transaction.annotation.ProxyTransactionManagementConfiguration' of type [class org.springframework.transaction.annotation.ProxyTransactionManagementConfiguration$$EnhancerBySpringCGLIB$$34bf23c4] is not eligible for getting processed by all BeanPostProcessors (for example: not eligible for auto-proxying)
2017-11-03 11:26:11.534 [main] INFO  o.s.b.c.e.t.TomcatEmbeddedServletContainer -Tomcat initialized with port(s): 8081 (http)
2017-11-03 11:26:11.554 [main] INFO  o.a.catalina.core.StandardService -Starting service Tomcat
2017-11-03 11:26:11.556 [main] INFO  o.a.catalina.core.StandardEngine -Starting Servlet Engine: Apache Tomcat/8.5.4
2017-11-03 11:26:11.708 [localhost-startStop-1] INFO  o.a.c.c.C.[Tomcat].[localhost].[/] -Initializing Spring embedded WebApplicationContext
2017-11-03 11:26:11.709 [localhost-startStop-1] INFO  o.s.web.context.ContextLoader -Root WebApplicationContext: initialization completed in 2863 ms
2017-11-03 11:26:12.032 [localhost-startStop-1] INFO  o.s.b.w.s.FilterRegistrationBean -Mapping filter: 'characterEncodingFilter' to: [/*]
2017-11-03 11:26:12.033 [localhost-startStop-1] INFO  o.s.b.w.s.FilterRegistrationBean -Mapping filter: 'myFilter' to urls: [/*]
2017-11-03 11:26:12.034 [localhost-startStop-1] INFO  o.s.b.w.s.ServletRegistrationBean -Mapping servlet: 'dispatcherServlet' to [/]
2017-11-03 11:26:12.715 [main] INFO  o.s.w.s.m.m.a.RequestMappingHandlerMapping -Mapped "{[/testPage]}" onto public com.github.pagehelper.PageInfo<com.cjj.model.UserEntity> com.cjj.controller.PageController.pageTest(int,int,java.lang.String)
2017-11-03 11:26:12.716 [main] INFO  o.s.w.s.m.m.a.RequestMappingHandlerMapping -Mapped "{[/userList/{pageindex}]}" onto public java.lang.String com.cjj.controller.PageController.pageTest(int,org.springframework.ui.Model)
2017-11-03 11:26:12.717 [main] INFO  o.s.w.s.m.m.a.RequestMappingHandlerMapping -Mapped "{[/userList]}" onto public java.lang.String com.cjj.controller.PageController.dbTest(org.springframework.ui.Model)
2017-11-03 11:26:12.721 [main] INFO  o.s.w.s.m.m.a.RequestMappingHandlerMapping -Mapped "{[/initTestError]}" onto public com.cjj.model.UserEntity com.cjj.controller.TestController.init(com.cjj.model.UserEntity)
2017-11-03 11:26:12.722 [main] INFO  o.s.w.s.m.m.a.RequestMappingHandlerMapping -Mapped "{[/YYCSH]}" onto public com.cjj.message.base.BaseMessage com.cjj.controller.TestController.init(com.cjj.message.InitReqMessage)
2017-11-03 11:26:12.722 [main] INFO  o.s.w.s.m.m.a.RequestMappingHandlerMapping -Mapped "{[/YYCSHValid],produces=[text/plain]}" onto public com.cjj.message.base.BaseMessage com.cjj.controller.TestController.init(com.cjj.message.InitReqMessage,org.springframework.validation.BindingResult)
2017-11-03 11:26:12.722 [main] INFO  o.s.w.s.m.m.a.RequestMappingHandlerMapping -Mapped "{[/page/{pageindex}]}" onto public java.lang.String com.cjj.controller.TestController.pageTest(int)
2017-11-03 11:26:12.723 [main] INFO  o.s.w.s.m.m.a.RequestMappingHandlerMapping -Mapped "{[/YYCSHACCEPT],produces=[text/plain]}" onto public com.cjj.message.base.BaseMessage com.cjj.controller.TestController.initA(com.cjj.message.InitReqMessage)
2017-11-03 11:26:12.723 [main] INFO  o.s.w.s.m.m.a.RequestMappingHandlerMapping -Mapped "{[/sex]}" onto public java.lang.String com.cjj.controller.TestController.pageSexTest()
2017-11-03 11:26:12.723 [main] INFO  o.s.w.s.m.m.a.RequestMappingHandlerMapping -Mapped "{[/user]}" onto public java.lang.String com.cjj.controller.TestController.dbTest()
2017-11-03 11:26:12.724 [main] INFO  o.s.w.s.m.m.a.RequestMappingHandlerMapping -Mapped "{[/YYCSHDBValid],produces=[text/plain]}" onto public com.cjj.message.InitResMessage com.cjj.controller.TestController.initDB(com.cjj.message.InitReqMessage,org.springframework.validation.BindingResult)
2017-11-03 11:26:12.724 [main] INFO  o.s.w.s.m.m.a.RequestMappingHandlerMapping -Mapped "{[/YYCSHDB],produces=[text/plain]}" onto public com.cjj.message.InitResMessage com.cjj.controller.TestController.initDB(com.cjj.message.InitReqMessage)
2017-11-03 11:26:12.734 [main] INFO  o.s.w.s.m.m.a.RequestMappingHandlerMapping -Mapped "{[/error]}" onto public org.springframework.http.ResponseEntity<java.util.Map<java.lang.String, java.lang.Object>> org.springframework.boot.autoconfigure.web.BasicErrorController.error(javax.servlet.http.HttpServletRequest)
2017-11-03 11:26:12.735 [main] INFO  o.s.w.s.m.m.a.RequestMappingHandlerMapping -Mapped "{[/error],produces=[text/html]}" onto public org.springframework.web.servlet.ModelAndView org.springframework.boot.autoconfigure.web.BasicErrorController.errorHtml(javax.servlet.http.HttpServletRequest,javax.servlet.http.HttpServletResponse)
2017-11-03 11:26:12.794 [main] INFO  o.s.w.s.h.SimpleUrlHandlerMapping -Mapped URL path [/**] onto handler of type [class org.springframework.web.servlet.resource.ResourceHttpRequestHandler]
2017-11-03 11:26:12.966 [main] INFO  o.s.w.s.m.m.a.RequestMappingHandlerAdapter -Looking for @ControllerAdvice: org.springframework.boot.context.embedded.AnnotationConfigEmbeddedWebApplicationContext@63d48a65: startup date [Fri Nov 03 11:26:08 CST 2017]; root of context hierarchy
2017-11-03 11:26:12.984 [main] INFO  o.s.w.s.m.m.a.RequestMappingHandlerAdapter -Detected @ModelAttribute methods in myControllerAdvice
2017-11-03 11:26:12.984 [main] INFO  o.s.w.s.m.m.a.RequestMappingHandlerAdapter -Detected @InitBinder methods in myControllerAdvice
2017-11-03 11:26:13.082 [main] INFO  o.s.w.s.m.m.a.ExceptionHandlerExceptionResolver -Detected @ExceptionHandler methods in myControllerAdvice
2017-11-03 11:26:14.314 [main] INFO  o.s.j.e.a.AnnotationMBeanExporter -Registering beans for JMX exposure on startup
2017-11-03 11:26:14.315 [main] INFO  o.s.j.e.a.AnnotationMBeanExporter -Bean with name 'dataSource' has been autodetected for JMX exposure
2017-11-03 11:26:14.320 [main] INFO  o.s.j.e.a.AnnotationMBeanExporter -Located MBean 'dataSource': registering with JMX server as MBean [com.zaxxer.hikari:name=dataSource,type=HikariDataSource]
2017-11-03 11:26:14.420 [main] INFO  o.s.b.c.e.t.TomcatEmbeddedServletContainer -Tomcat started on port(s): 8081 (http)
2017-11-03 11:26:14.430 [main] INFO  com.cjj.Application -Started Application in 7.037 seconds (JVM running for 7.549)
2017-11-03 11:26:18.913 [http-nio-8081-exec-1] INFO  o.a.c.c.C.[Tomcat].[localhost].[/] -Initializing Spring FrameworkServlet 'dispatcherServlet'
2017-11-03 11:26:18.914 [http-nio-8081-exec-1] INFO  o.s.web.servlet.DispatcherServlet -FrameworkServlet 'dispatcherServlet': initialization started
2017-11-03 11:26:18.940 [http-nio-8081-exec-1] INFO  o.s.web.servlet.DispatcherServlet -FrameworkServlet 'dispatcherServlet': initialization completed in 26 ms
2017-11-03 11:26:18.979 [http-nio-8081-exec-1] DEBUG com.cjj.aop.MyControllerAdvice -------addAttributes------
2017-11-03 11:26:18.988 [http-nio-8081-exec-1] DEBUG c.c.m.converter.MyMessageConverter -接收请求报文：{"funCode":"YYCSH","reqDate":"20171103","reqTime":"112618","calling":"13652167878","merId":"000001","clientVer":"1"}
2017-11-03 11:26:19.094 [http-nio-8081-exec-1] DEBUG com.cjj.aop.MyControllerAdvice -------initBinder------
2017-11-03 11:26:19.120 [http-nio-8081-exec-1] DEBUG com.cjj.controller.TestController -接收信息：InitReqMessage [calling=13652167878, merId=000001, clientVer=1, toString()=BaseMesaage [funCode=YYCSH, reqDate=20171103, reqTime=112618, signFlag=false]]
2017-11-03 11:26:19.151 [http-nio-8081-exec-1] INFO  com.zaxxer.hikari.HikariDataSource -HikariPool-1 - Starting...
2017-11-03 11:26:19.350 [http-nio-8081-exec-1] INFO  com.zaxxer.hikari.HikariDataSource -HikariPool-1 - Start completed.
2017-11-03 11:26:19.358 [http-nio-8081-exec-1] DEBUG com.cjj.dao.UserDao.searchAll -==>  Preparing: select u_id, nicheng, sex, phone, createtime, updtime from user 
2017-11-03 11:26:19.387 [http-nio-8081-exec-1] DEBUG com.cjj.dao.UserDao.searchAll -==> Parameters: 
2017-11-03 11:26:19.408 [http-nio-8081-exec-1] DEBUG com.cjj.dao.UserDao.searchAll -<==      Total: 9
2017-11-03 11:26:19.445 [http-nio-8081-exec-1] DEBUG c.c.m.converter.MyMessageConverter -返回响应报文：{"funCode":"YYCSH","reqDate":"20171103","reqTime":"112618","retCode":"0000","retMsg":"success"}
2017-11-03 11:26:19.454 [http-nio-8081-exec-1] INFO  com.cjj.aop.MyInterceptor -本次处理时间:490ms
2017-11-03 11:27:00.351 [main] INFO  com.cjj.Application -Starting Application on caojunjie-430 with PID 14672 (E:\project\java\newworkspace\springbootDemo\target\classes started by hp in E:\project\java\newworkspace\springbootDemo)
2017-11-03 11:27:00.364 [main] INFO  com.cjj.Application -No active profile set, falling back to default profiles: default
2017-11-03 11:27:00.783 [main] INFO  o.s.b.c.e.AnnotationConfigEmbeddedWebApplicationContext -Refreshing org.springframework.boot.context.embedded.AnnotationConfigEmbeddedWebApplicationContext@59f035ce: startup date [Fri Nov 03 11:27:00 CST 2017]; root of context hierarchy
2017-11-03 11:27:02.415 [main] INFO  o.s.c.s.PostProcessorRegistrationDelegate$BeanPostProcessorChecker -Bean 'org.springframework.transaction.annotation.ProxyTransactionManagementConfiguration' of type [class org.springframework.transaction.annotation.ProxyTransactionManagementConfiguration$$EnhancerBySpringCGLIB$$26127df7] is not eligible for getting processed by all BeanPostProcessors (for example: not eligible for auto-proxying)
2017-11-03 11:27:03.038 [main] INFO  o.s.b.c.e.t.TomcatEmbeddedServletContainer -Tomcat initialized with port(s): 8081 (http)
2017-11-03 11:27:03.059 [main] INFO  o.a.catalina.core.StandardService -Starting service Tomcat
2017-11-03 11:27:03.061 [main] INFO  o.a.catalina.core.StandardEngine -Starting Servlet Engine: Apache Tomcat/8.5.4
2017-11-03 11:27:03.227 [localhost-startStop-1] INFO  o.a.c.c.C.[Tomcat].[localhost].[/] -Initializing Spring embedded WebApplicationContext
2017-11-03 11:27:03.227 [localhost-startStop-1] INFO  o.s.web.context.ContextLoader -Root WebApplicationContext: initialization completed in 2444 ms
2017-11-03 11:27:03.459 [localhost-startStop-1] INFO  o.s.b.w.s.FilterRegistrationBean -Mapping filter: 'characterEncodingFilter' to: [/*]
2017-11-03 11:27:03.460 [localhost-startStop-1] INFO  o.s.b.w.s.FilterRegistrationBean -Mapping filter: 'myFilter' to urls: [/*]
2017-11-03 11:27:03.461 [localhost-startStop-1] INFO  o.s.b.w.s.ServletRegistrationBean -Mapping servlet: 'dispatcherServlet' to [/]
2017-11-03 11:27:04.121 [main] INFO  o.s.w.s.m.m.a.RequestMappingHandlerMapping -Mapped "{[/testPage]}" onto public com.github.pagehelper.PageInfo<com.cjj.model.UserEntity> com.cjj.controller.PageController.pageTest(int,int,java.lang.String)
2017-11-03 11:27:04.122 [main] INFO  o.s.w.s.m.m.a.RequestMappingHandlerMapping -Mapped "{[/userList/{pageindex}]}" onto public java.lang.String com.cjj.controller.PageController.pageTest(int,org.springframework.ui.Model)
2017-11-03 11:27:04.123 [main] INFO  o.s.w.s.m.m.a.RequestMappingHandlerMapping -Mapped "{[/userList]}" onto public java.lang.String com.cjj.controller.PageController.dbTest(org.springframework.ui.Model)
2017-11-03 11:27:04.125 [main] INFO  o.s.w.s.m.m.a.RequestMappingHandlerMapping -Mapped "{[/initTestError]}" onto public com.cjj.model.UserEntity com.cjj.controller.TestController.init(com.cjj.model.UserEntity)
2017-11-03 11:27:04.126 [main] INFO  o.s.w.s.m.m.a.RequestMappingHandlerMapping -Mapped "{[/YYCSH]}" onto public com.cjj.message.base.BaseMessage com.cjj.controller.TestController.init(com.cjj.message.InitReqMessage)
2017-11-03 11:27:04.126 [main] INFO  o.s.w.s.m.m.a.RequestMappingHandlerMapping -Mapped "{[/YYCSHValid],produces=[text/plain]}" onto public com.cjj.message.base.BaseMessage com.cjj.controller.TestController.init(com.cjj.message.InitReqMessage,org.springframework.validation.BindingResult)
2017-11-03 11:27:04.127 [main] INFO  o.s.w.s.m.m.a.RequestMappingHandlerMapping -Mapped "{[/page/{pageindex}]}" onto public java.lang.String com.cjj.controller.TestController.pageTest(int)
2017-11-03 11:27:04.127 [main] INFO  o.s.w.s.m.m.a.RequestMappingHandlerMapping -Mapped "{[/user]}" onto public java.lang.String com.cjj.controller.TestController.dbTest()
2017-11-03 11:27:04.128 [main] INFO  o.s.w.s.m.m.a.RequestMappingHandlerMapping -Mapped "{[/sex]}" onto public java.lang.String com.cjj.controller.TestController.pageSexTest()
2017-11-03 11:27:04.128 [main] INFO  o.s.w.s.m.m.a.RequestMappingHandlerMapping -Mapped "{[/YYCSHACCEPT],produces=[text/plain]}" onto public com.cjj.message.base.BaseMessage com.cjj.controller.TestController.initA(com.cjj.message.InitReqMessage)
2017-11-03 11:27:04.128 [main] INFO  o.s.w.s.m.m.a.RequestMappingHandlerMapping -Mapped "{[/YYCSHDB],produces=[text/plain]}" onto public com.cjj.message.InitResMessage com.cjj.controller.TestController.initDB(com.cjj.message.InitReqMessage)
2017-11-03 11:27:04.129 [main] INFO  o.s.w.s.m.m.a.RequestMappingHandlerMapping -Mapped "{[/YYCSHDBValid],produces=[text/plain]}" onto public com.cjj.message.InitResMessage com.cjj.controller.TestController.initDB(com.cjj.message.InitReqMessage,org.springframework.validation.BindingResult)
2017-11-03 11:27:04.138 [main] INFO  o.s.w.s.m.m.a.RequestMappingHandlerMapping -Mapped "{[/error]}" onto public org.springframework.http.ResponseEntity<java.util.Map<java.lang.String, java.lang.Object>> org.springframework.boot.autoconfigure.web.BasicErrorController.error(javax.servlet.http.HttpServletRequest)
2017-11-03 11:27:04.139 [main] INFO  o.s.w.s.m.m.a.RequestMappingHandlerMapping -Mapped "{[/error],produces=[text/html]}" onto public org.springframework.web.servlet.ModelAndView org.springframework.boot.autoconfigure.web.BasicErrorController.errorHtml(javax.servlet.http.HttpServletRequest,javax.servlet.http.HttpServletResponse)
2017-11-03 11:27:04.209 [main] INFO  o.s.w.s.h.SimpleUrlHandlerMapping -Mapped URL path [/**] onto handler of type [class org.springframework.web.servlet.resource.ResourceHttpRequestHandler]
2017-11-03 11:27:04.301 [main] INFO  o.s.w.s.m.m.a.RequestMappingHandlerAdapter -Looking for @ControllerAdvice: org.springframework.boot.context.embedded.AnnotationConfigEmbeddedWebApplicationContext@59f035ce: startup date [Fri Nov 03 11:27:00 CST 2017]; root of context hierarchy
2017-11-03 11:27:04.314 [main] INFO  o.s.w.s.m.m.a.RequestMappingHandlerAdapter -Detected @ModelAttribute methods in myControllerAdvice
2017-11-03 11:27:04.315 [main] INFO  o.s.w.s.m.m.a.RequestMappingHandlerAdapter -Detected @InitBinder methods in myControllerAdvice
2017-11-03 11:27:04.443 [main] INFO  o.s.w.s.m.m.a.ExceptionHandlerExceptionResolver -Detected @ExceptionHandler methods in myControllerAdvice
2017-11-03 11:27:05.859 [main] INFO  o.s.j.e.a.AnnotationMBeanExporter -Registering beans for JMX exposure on startup
2017-11-03 11:27:05.862 [main] INFO  o.s.j.e.a.AnnotationMBeanExporter -Bean with name 'dataSource' has been autodetected for JMX exposure
2017-11-03 11:27:05.868 [main] INFO  o.s.j.e.a.AnnotationMBeanExporter -Located MBean 'dataSource': registering with JMX server as MBean [com.zaxxer.hikari:name=dataSource,type=HikariDataSource]
2017-11-03 11:27:05.935 [main] INFO  o.s.b.c.e.t.TomcatEmbeddedServletContainer -Tomcat started on port(s): 8081 (http)
2017-11-03 11:27:05.939 [main] INFO  com.cjj.Application -Started Application in 6.561 seconds (JVM running for 6.986)
2017-11-03 11:27:06.231 [http-nio-8081-exec-1] INFO  o.a.c.c.C.[Tomcat].[localhost].[/] -Initializing Spring FrameworkServlet 'dispatcherServlet'
2017-11-03 11:27:06.231 [http-nio-8081-exec-1] INFO  o.s.web.servlet.DispatcherServlet -FrameworkServlet 'dispatcherServlet': initialization started
2017-11-03 11:27:06.290 [http-nio-8081-exec-1] INFO  o.s.web.servlet.DispatcherServlet -FrameworkServlet 'dispatcherServlet': initialization completed in 59 ms
2017-11-03 11:27:06.553 [http-nio-8081-exec-1] INFO  com.zaxxer.hikari.HikariDataSource -HikariPool-1 - Starting...
2017-11-03 11:27:06.814 [http-nio-8081-exec-1] INFO  com.zaxxer.hikari.HikariDataSource -HikariPool-1 - Start completed.
2017-11-03 11:27:06.888 [http-nio-8081-exec-1] INFO  com.cjj.aop.MyInterceptor -本次处理时间:569ms
2017-11-03 14:08:37.210 [HikariPool-1 housekeeper] WARN  com.zaxxer.hikari.pool.HikariPool -HikariPool-1 - Thread starvation or clock leap detected (housekeeper delta=1h28m147ms919µs243ns).
2017-11-03 15:31:02.933 [HikariPool-1 housekeeper] WARN  com.zaxxer.hikari.pool.HikariPool -HikariPool-1 - Thread starvation or clock leap detected (housekeeper delta=7m25s604ms516µs93ns).
2017-11-03 17:10:25.922 [HikariPool-1 housekeeper] WARN  com.zaxxer.hikari.pool.HikariPool -HikariPool-1 - Thread starvation or clock leap detected (housekeeper delta=1h31m53s68ms836µs950ns).
